Post Processor Report
OrCAD FILE: C:\ORCAD\PROGETTI\STM32\POD-6.MAX
Sun Nov 22 06:16:02 2009

*********************************************************

Output file: C:\ORCAD\PROGETTI\STM32\POD-6.TOP

Aperture totals for C:\ORCAD\PROGETTI\STM32\POD-6.TOP:
---------------------------------------------------------
D10:  0.0780 ROUND  --       0 Draws,       1 Flashes
D11:  0.0320 x 0.0380 RECTANGLE -----      34 Flashes
D12:  0.0925 x 0.0886 RECTANGLE -----       2 Flashes
D13:  0.0964 SQUARE --       0 Draws,       2 Flashes
D14:  0.1575 x 0.0807 RECTANGLE -----       2 Flashes
D15:  0.1378 x 0.0807 RECTANGLE -----       2 Flashes
D16:  0.0886 x 0.0197 RECTANGLE -----       5 Flashes
D17:  0.0580 SQUARE --       0 Draws,      21 Flashes
D18:  0.0551 x 0.0708 RECTANGLE -----       4 Flashes
D19:  0.0787 x 0.0315 RECTANGLE -----       8 Flashes
D20:  0.1030 x 0.1080 RECTANGLE -----       4 Flashes
D21:  0.1080 x 0.1030 RECTANGLE -----       2 Flashes
D22:  0.0500 x 0.0600 RECTANGLE -----       8 Flashes
D23:  0.0580 ROUND  --       0 Draws,      92 Flashes
D24:  0.0800 ROUND  --       0 Draws,       1 Flashes
D25:  0.0800 SQUARE --       0 Draws,       1 Flashes
D26:  0.1102 x 0.0295 RECTANGLE -----      10 Flashes
D27:  0.0340 x 0.0400 RECTANGLE -----       2 Flashes
D28:  0.0340 x 0.0500 RECTANGLE -----       1 Flashes
D29:  0.0400 x 0.0340 RECTANGLE -----       2 Flashes
D30:  0.0500 x 0.0340 RECTANGLE -----       1 Flashes
D31:  0.0380 x 0.0320 RECTANGLE -----      10 Flashes
D32:  0.1420 x 0.0880 RECTANGLE -----       1 Flashes
D33:  0.0480 x 0.0880 RECTANGLE -----       3 Flashes
D34:  0.0100 ROUND  --    6191 Draws,       0 Flashes
D35:  0.0160 ROUND  --     213 Draws,       0 Flashes
D36:  0.0400 ROUND  --       0 Draws,      34 Flashes
D37:  0.0200 ROUND  --      23 Draws,       0 Flashes
D38:  0.0180 ROUND  --       3 Draws,       0 Flashes
---------------------------------------------------------
 29 D-Codes      -----    6430 Draws,     253 Flashes

*********************************************************

Output file: C:\ORCAD\PROGETTI\STM32\POD-6.BOT

Aperture totals for C:\ORCAD\PROGETTI\STM32\POD-6.BOT:
---------------------------------------------------------
D13:  0.0964 SQUARE --       0 Draws,       2 Flashes
D17:  0.0580 SQUARE --       0 Draws,      21 Flashes
D23:  0.0580 ROUND  --       0 Draws,      92 Flashes
D24:  0.0800 ROUND  --       0 Draws,       2 Flashes
D31:  0.0380 x 0.0320 RECTANGLE -----      30 Flashes
D34:  0.0100 ROUND  --    5208 Draws,       0 Flashes
D35:  0.0160 ROUND  --     131 Draws,       0 Flashes
D36:  0.0400 ROUND  --       0 Draws,      34 Flashes
D37:  0.0200 ROUND  --      11 Draws,       0 Flashes
D38:  0.0180 ROUND  --       5 Draws,       0 Flashes
D39:  0.0500 SQUARE --       0 Draws,       2 Flashes
---------------------------------------------------------
 11 D-Codes      -----    5355 Draws,     183 Flashes

*********************************************************

Output file: C:\ORCAD\PROGETTI\STM32\POD-6.SMT

Aperture totals for C:\ORCAD\PROGETTI\STM32\POD-6.SMT:
---------------------------------------------------------
D10:  0.0780 ROUND  --       0 Draws,       1 Flashes
D11:  0.0320 x 0.0380 RECTANGLE -----      34 Flashes
D12:  0.0925 x 0.0886 RECTANGLE -----       2 Flashes
D13:  0.0964 SQUARE --       0 Draws,       2 Flashes
D17:  0.0580 SQUARE --       0 Draws,      21 Flashes
D20:  0.1030 x 0.1080 RECTANGLE -----       4 Flashes
D21:  0.1080 x 0.1030 RECTANGLE -----       2 Flashes
D22:  0.0500 x 0.0600 RECTANGLE -----       8 Flashes
D23:  0.0580 ROUND  --       0 Draws,      92 Flashes
D24:  0.0800 ROUND  --       0 Draws,       2 Flashes
D26:  0.1102 x 0.0295 RECTANGLE -----      10 Flashes
D27:  0.0340 x 0.0400 RECTANGLE -----       2 Flashes
D28:  0.0340 x 0.0500 RECTANGLE -----       1 Flashes
D29:  0.0400 x 0.0340 RECTANGLE -----       2 Flashes
D30:  0.0500 x 0.0340 RECTANGLE -----       1 Flashes
D31:  0.0380 x 0.0320 RECTANGLE -----      10 Flashes
D32:  0.1420 x 0.0880 RECTANGLE -----       1 Flashes
D33:  0.0480 x 0.0880 RECTANGLE -----       3 Flashes
D34:  0.0100 ROUND  --      65 Draws,       0 Flashes
D40:  0.1594 x 0.0827 RECTANGLE -----       2 Flashes
D41:  0.1397 x 0.0827 RECTANGLE -----       2 Flashes
D42:  0.0925 x 0.0216 RECTANGLE -----       5 Flashes
D43:  0.0571 x 0.0728 RECTANGLE -----       4 Flashes
D44:  0.0807 x 0.0334 RECTANGLE -----       8 Flashes
D45:  0.0450 ROUND  --       0 Draws,      34 Flashes
---------------------------------------------------------
 25 D-Codes      -----      65 Draws,     253 Flashes

*********************************************************

Output file: C:\ORCAD\PROGETTI\STM32\POD-6.SMB

Aperture totals for C:\ORCAD\PROGETTI\STM32\POD-6.SMB:
---------------------------------------------------------
D13:  0.0964 SQUARE --       0 Draws,       2 Flashes
D17:  0.0580 SQUARE --       0 Draws,      21 Flashes
D23:  0.0580 ROUND  --       0 Draws,      92 Flashes
D24:  0.0800 ROUND  --       0 Draws,       2 Flashes
D31:  0.0380 x 0.0320 RECTANGLE -----      30 Flashes
D39:  0.0500 SQUARE --       0 Draws,       2 Flashes
D45:  0.0450 ROUND  --       0 Draws,      34 Flashes
---------------------------------------------------------
  7 D-Codes      -----       0 Draws,     183 Flashes

*********************************************************

Output file: C:\ORCAD\PROGETTI\STM32\POD-6.SST

Aperture totals for C:\ORCAD\PROGETTI\STM32\POD-6.SST:
---------------------------------------------------------
D34:  0.0100 ROUND  --      39 Draws,       0 Flashes
D46:  0.0080 ROUND  --     412 Draws,       0 Flashes
D47:  0.0060 ROUND  --     526 Draws,       0 Flashes
D48:  0.0079 ROUND  --      14 Draws,       0 Flashes
D49:  0.0098 ROUND  --      47 Draws,       0 Flashes
D50:  0.0050 ROUND  --      25 Draws,       0 Flashes
D51:  0.0059 ROUND  --      64 Draws,       0 Flashes
D52:  0.0010 ROUND  --      22 Draws,       0 Flashes
---------------------------------------------------------
  8 D-Codes      -----    1149 Draws,       0 Flashes

*********************************************************

Output file: C:\ORCAD\PROGETTI\STM32\POD-6.AST

Aperture totals for C:\ORCAD\PROGETTI\STM32\POD-6.AST:
---------------------------------------------------------
D11:  0.0320 x 0.0380 RECTANGLE -----      34 Flashes
D17:  0.0580 SQUARE --       0 Draws,      21 Flashes
D20:  0.1030 x 0.1080 RECTANGLE -----       4 Flashes
D21:  0.1080 x 0.1030 RECTANGLE -----       2 Flashes
D22:  0.0500 x 0.0600 RECTANGLE -----       8 Flashes
D23:  0.0580 ROUND  --       0 Draws,      92 Flashes
D27:  0.0340 x 0.0400 RECTANGLE -----       2 Flashes
D28:  0.0340 x 0.0500 RECTANGLE -----       1 Flashes
D29:  0.0400 x 0.0340 RECTANGLE -----       2 Flashes
D30:  0.0500 x 0.0340 RECTANGLE -----       1 Flashes
D31:  0.0380 x 0.0320 RECTANGLE -----      10 Flashes
D32:  0.1420 x 0.0880 RECTANGLE -----       1 Flashes
D33:  0.0480 x 0.0880 RECTANGLE -----       3 Flashes
D34:  0.0100 ROUND  --      44 Draws,       0 Flashes
D46:  0.0080 ROUND  --    1019 Draws,       0 Flashes
D47:  0.0060 ROUND  --    1068 Draws,       0 Flashes
D49:  0.0098 ROUND  --     246 Draws,       0 Flashes
D50:  0.0050 ROUND  --      37 Draws,       0 Flashes
D51:  0.0059 ROUND  --      41 Draws,       0 Flashes
D53:  0.0039 ROUND  --      33 Draws,       0 Flashes
---------------------------------------------------------
 20 D-Codes      -----    2488 Draws,     181 Flashes

*********************************************************

Output file: C:\ORCAD\PROGETTI\STM32\POD-6.ASB

Aperture totals for C:\ORCAD\PROGETTI\STM32\POD-6.ASB:
---------------------------------------------------------
D17:  0.0580 SQUARE --       0 Draws,      21 Flashes
D23:  0.0580 ROUND  --       0 Draws,      92 Flashes
D31:  0.0380 x 0.0320 RECTANGLE -----      30 Flashes
D34:  0.0100 ROUND  --       4 Draws,       0 Flashes
D39:  0.0500 SQUARE --       0 Draws,       2 Flashes
D47:  0.0060 ROUND  --     268 Draws,       0 Flashes
D50:  0.0050 ROUND  --     259 Draws,       0 Flashes
D51:  0.0059 ROUND  --      15 Draws,       0 Flashes
D53:  0.0039 ROUND  --      12 Draws,       0 Flashes
---------------------------------------------------------
  9 D-Codes      -----     558 Draws,     145 Flashes

*********************************************************

Output file: C:\ORCAD\PROGETTI\STM32\POD-6.DRD

Aperture totals for C:\ORCAD\PROGETTI\STM32\POD-6.DRD:
---------------------------------------------------------
D34:  0.0100 ROUND  --     740 Draws,       0 Flashes
---------------------------------------------------------
  1 D-Codes      -----     740 Draws,       0 Flashes


*********************************************************

Aperture totals for entire project:
---------------------------------------------------------
D10:  0.0780 ROUND  --       0 Draws,       2 Flashes
D11:  0.0320 x 0.0380 RECTANGLE -----     102 Flashes
D12:  0.0925 x 0.0886 RECTANGLE -----       4 Flashes
D13:  0.0964 SQUARE --       0 Draws,       8 Flashes
D14:  0.1575 x 0.0807 RECTANGLE -----       2 Flashes
D15:  0.1378 x 0.0807 RECTANGLE -----       2 Flashes
D16:  0.0886 x 0.0197 RECTANGLE -----       5 Flashes
D17:  0.0580 SQUARE --       0 Draws,     126 Flashes
D18:  0.0551 x 0.0708 RECTANGLE -----       4 Flashes
D19:  0.0787 x 0.0315 RECTANGLE -----       8 Flashes
D20:  0.1030 x 0.1080 RECTANGLE -----      12 Flashes
D21:  0.1080 x 0.1030 RECTANGLE -----       6 Flashes
D22:  0.0500 x 0.0600 RECTANGLE -----      24 Flashes
D23:  0.0580 ROUND  --       0 Draws,     552 Flashes
D24:  0.0800 ROUND  --       0 Draws,       7 Flashes
D25:  0.0800 SQUARE --       0 Draws,       1 Flashes
D26:  0.1102 x 0.0295 RECTANGLE -----      20 Flashes
D27:  0.0340 x 0.0400 RECTANGLE -----       6 Flashes
D28:  0.0340 x 0.0500 RECTANGLE -----       3 Flashes
D29:  0.0400 x 0.0340 RECTANGLE -----       6 Flashes
D30:  0.0500 x 0.0340 RECTANGLE -----       3 Flashes
D31:  0.0380 x 0.0320 RECTANGLE -----     120 Flashes
D32:  0.1420 x 0.0880 RECTANGLE -----       3 Flashes
D33:  0.0480 x 0.0880 RECTANGLE -----       9 Flashes
D34:  0.0100 ROUND  --   12291 Draws,       0 Flashes
D35:  0.0160 ROUND  --     344 Draws,       0 Flashes
D36:  0.0400 ROUND  --       0 Draws,      68 Flashes
D37:  0.0200 ROUND  --      34 Draws,       0 Flashes
D38:  0.0180 ROUND  --       8 Draws,       0 Flashes
D39:  0.0500 SQUARE --       0 Draws,       6 Flashes
D40:  0.1594 x 0.0827 RECTANGLE -----       2 Flashes
D41:  0.1397 x 0.0827 RECTANGLE -----       2 Flashes
D42:  0.0925 x 0.0216 RECTANGLE -----       5 Flashes
D43:  0.0571 x 0.0728 RECTANGLE -----       4 Flashes
D44:  0.0807 x 0.0334 RECTANGLE -----       8 Flashes
D45:  0.0450 ROUND  --       0 Draws,      68 Flashes
D46:  0.0080 ROUND  --    1431 Draws,       0 Flashes
D47:  0.0060 ROUND  --    1862 Draws,       0 Flashes
D48:  0.0079 ROUND  --      14 Draws,       0 Flashes
D49:  0.0098 ROUND  --     293 Draws,       0 Flashes
D50:  0.0050 ROUND  --     321 Draws,       0 Flashes
D51:  0.0059 ROUND  --     120 Draws,       0 Flashes
D52:  0.0010 ROUND  --      22 Draws,       0 Flashes
D53:  0.0039 ROUND  --      45 Draws,       0 Flashes
---------------------------------------------------------
 44 D-Codes      -----   16785 Draws,    1198 Flashes


No warnings or errors.
